Arp_118_S_Uv-MIr_bms2014.txt
Haro_06_S_Uv-MIr_bms2014.txt
IC_0860_S_Uv-MIr_bms2014.txt
IC_0883_S_Uv-MIr_bms2014.txt
III_Zw_035_S_Uv-MIr_bms2014.txt
IRAS__08572+3915_S_Uv-MIr_bms2014.txt
Mrk_0033_S_Uv-MIr_bms2014.txt
Mrk_0331_S_Uv-MIr_bms2014.txt
Mrk_0475_S_Uv-MIr_bms2014.txt
Mrk_1450_S_Uv-MIr_bms2014.txt
Mrk_1490_S_Uv-MIr_bms2014.txt
NGC_0337_S_Uv-MIr_bms2014.txt
NGC_0474_S_Uv-MIr_bms2014.txt
NGC_0520_S_Uv-MIr_bms2014.txt
NGC_0584_S_Uv-MIr_bms2014.txt
NGC_0660_S_Uv-MIr_bms2014.txt
NGC_0750_S_Uv-MIr_bms2014.txt
NGC_1068_S_Uv-MIr_bms2014.txt
NGC_1144_S_Uv-MIr_bms2014.txt
NGC_1275_S_Uv-MIr_bms2014.txt
NGC_1614_S_Uv-MIr_bms2014.txt
NGC_2388_S_Uv-MIr_bms2014.txt
NGC_2403_S_Uv-MIr_bms2014.txt
NGC_2537_S_Uv-MIr_bms2014.txt
NGC_2623_S_Uv-MIr_bms2014.txt
NGC_3627_S_Uv-MIr_bms2014.txt
NGC_4125_S_Uv-MIr_bms2014.txt
NGC_4194_S_Uv-MIr_bms2014.txt
NGC_4321_S_Uv-MIr_bms2014.txt
NGC_4551_S_Uv-MIr_bms2014.txt
NGC_4621_S_Uv-MIr_bms2014.txt
NGC_4631_S_Uv-MIr_bms2014.txt
NGC_4670_S_Uv-MIr_bms2014.txt
NGC_5033_S_Uv-MIr_bms2014.txt
NGC_5953_S_Uv-MIr_bms2014.txt
NGC_5992_S_Uv-MIr_bms2014.txt
NGC_6240_S_Uv-MIr_bms2014.txt
NGC_7674_S_Uv-MIr_bms2014.txt
UGCA_166_S_Uv-MIr_bms2014.txt
UGCA_219_S_Uv-MIr_bms2014.txt
UGC_05101_S_Uv-MIr_bms2014.txt
UGC_06665_S_Uv-MIr_bms2014.txt
UGC_08335_NW_S_Uv-MIr_bms2014.txt
UGC_09618_N_S_Uv-MIr_bms2014.txt
